<?xml version="1.0" encoding="UTF-8"?>
<robot generator="Robot 7.3.2 (Python 3.13.5 on win32)" generated="2025-07-22T10:24:09.434945" rpa="false" schemaversion="5">
<suite id="s1" name="Preenchimento Incorreto" source="c:\Users\olvcl\OneDrive\Área de Trabalho\Curso-Robot\testes\preenchimento_incorreto.robot">
<test id="s1-t1" name="Verificar se quando um campo obrigatório não for preenchido corretamente o sistema exibe uma mensagem de campo obrigatório" line="9">
<kw name="Dado que eu acesse o Organo" owner="setup_teardown" type="SETUP">
<kw name="Open Browser" owner="SeleniumLibrary">
<msg time="2025-07-22T10:24:10.539595" level="INFO">Opening browser 'Chrome' to base url 'http://localhost:3000/'.</msg>
<arg>url=http://localhost:3000/</arg>
<arg>browser=Chrome</arg>
<doc>Opens a new browser instance to the optional ``url``.</doc>
<status status="PASS" start="2025-07-22T10:24:10.539090" elapsed="1.946367"/>
</kw>
<kw name="Maximize Browser Window" owner="SeleniumLibrary">
<doc>Maximizes current browser window.</doc>
<status status="PASS" start="2025-07-22T10:24:12.486739" elapsed="0.407939"/>
</kw>
<status status="PASS" start="2025-07-22T10:24:10.536952" elapsed="2.358113"/>
</kw>
<kw name="Dado que eu clique no botão de criar card" owner="cadastro">
<kw name="Click Element" owner="SeleniumLibrary">
<msg time="2025-07-22T10:24:12.902268" level="INFO">Clicking element 'id:form-botao'.</msg>
<arg>${BOTAO_CARD}</arg>
<doc>Click the element identified by ``locator``.</doc>
<status status="PASS" start="2025-07-22T10:24:12.900348" elapsed="0.207749"/>
</kw>
<status status="PASS" start="2025-07-22T10:24:12.896164" elapsed="0.212951"/>
</kw>
<kw name="Então sistema deve apresentar mensagem de campo obrigatório" owner="cadastro">
<kw name="Element Should Be Visible" owner="SeleniumLibrary">
<msg time="2025-07-22T10:24:13.147840" level="INFO">Element 'id:form-nome-erro' is displayed.</msg>
<arg>id:form-nome-erro</arg>
<doc>Verifies that the element identified by ``locator`` is visible.</doc>
<status status="PASS" start="2025-07-22T10:24:13.113785" elapsed="0.034443"/>
</kw>
<kw name="Element Should Be Visible" owner="SeleniumLibrary">
<msg time="2025-07-22T10:24:13.171091" level="INFO">Element 'id:form-cargo-erro' is displayed.</msg>
<arg>id:form-cargo-erro</arg>
<doc>Verifies that the element identified by ``locator`` is visible.</doc>
<status status="PASS" start="2025-07-22T10:24:13.148584" elapsed="0.022776"/>
</kw>
<kw name="Element Should Be Visible" owner="SeleniumLibrary">
<msg time="2025-07-22T10:24:13.191389" level="INFO">Element 'id:form-times-erro' is displayed.</msg>
<arg>id:form-times-erro</arg>
<doc>Verifies that the element identified by ``locator`` is visible.</doc>
<status status="PASS" start="2025-07-22T10:24:13.171619" elapsed="0.020096"/>
</kw>
<status status="PASS" start="2025-07-22T10:24:13.110278" elapsed="0.081614"/>
</kw>
<kw name="Fechar o navegador" owner="setup_teardown" type="TEARDOWN">
<kw name="Close Browser" owner="SeleniumLibrary">
<doc>Closes the current browser.</doc>
<status status="PASS" start="2025-07-22T10:24:13.193566" elapsed="2.167147"/>
</kw>
<status status="PASS" start="2025-07-22T10:24:13.192641" elapsed="2.168891"/>
</kw>
<status status="PASS" start="2025-07-22T10:24:10.534281" elapsed="4.828397"/>
</test>
<status status="PASS" start="2025-07-22T10:24:09.447541" elapsed="5.917755"/>
</suite>
<statistics>
<total>
<stat pass="1" fail="0" skip="0">All Tests</stat>
</total>
<tag>
</tag>
<suite>
<stat name="Preenchimento Incorreto" id="s1" pass="1" fail="0" skip="0">Preenchimento Incorreto</stat>
</suite>
</statistics>
<errors>
</errors>
</robot>
